<?xml version="1.0" encoding="utf-8"?><testsuites name="pytest tests"><testsuite name="pytest" errors="0" failures="2" skipped="0" tests="215" time="5.430" timestamp="2026-01-28T09:30:39.711331+00:00" hostname="49bb5649c6c9"><testcase classname="tests.unit.core.test_cache.TestCacheEntry" name="test_entry_creation" time="0.002" /><testcase classname="tests.unit.core.test_cache.TestCacheEntry" name="test_entry_with_ttl" time="0.001" /><testcase classname="tests.unit.core.test_cache.TestCacheEntry" name="test_entry_expired" time="0.001" /><testcase classname="tests.unit.core.test_cache.TestCacheEntry" name="test_entry_ttl_remaining" time="0.001" /><testcase classname="tests.unit.core.test_cache.TestCacheEntry" name="test_entry_ttl_remaining_no_expiry" time="0.001" /><testcase classname="tests.unit.core.test_cache.TestCacheEntry" name="test_entry_touch" time="0.011" /><testcase classname="tests.unit.core.test_cache.TestCacheStats" name="test_default_stats" time="0.001" /><testcase classname="tests.unit.core.test_cache.TestCacheStats" name="test_hit_rate_calculation" time="0.001" /><testcase classname="tests.unit.core.test_cache.TestCacheStats" name="test_hit_rate_no_requests" time="0.001" /><testcase classname="tests.unit.core.test_cache.TestCacheStats" name="test_to_dict" time="0.001" /><testcase classname="tests.unit.core.test_cache.TestMemoryCache" name="test_set_and_get" time="0.003" /><testcase classname="tests.unit.core.test_cache.TestMemoryCache" name="test_get_nonexistent" time="0.002" /><testcase classname="tests.unit.core.test_cache.TestMemoryCache" name="test_delete" time="0.001" /><testcase classname="tests.unit.core.test_cache.TestMemoryCache" name="test_delete_nonexistent" time="0.001" /><testcase classname="tests.unit.core.test_cache.TestMemoryCache" name="test_exists" time="0.001" /><testcase classname="tests.unit.core.test_cache.TestMemoryCache" name="test_clear" time="0.001" /><testcase classname="tests.unit.core.test_cache.TestMemoryCache" name="test_clear_with_namespace" time="0.001" /><testcase classname="tests.unit.core.test_cache.TestMemoryCache" name="test_ttl_expiration" time="1.103" /><testcase classname="tests.unit.core.test_cache.TestMemoryCache" name="test_lru_eviction" time="0.002" /><testcase classname="tests.unit.core.test_cache.TestMemoryCache" name="test_stats_tracking" time="0.001" /><testcase classname="tests.unit.core.test_cache.TestMemoryCache" name="test_get_many" time="0.001" /><testcase classname="tests.unit.core.test_cache.TestMemoryCache" name="test_set_many" time="0.001" /><testcase classname="tests.unit.core.test_cache.TestMemoryCache" name="test_delete_many" time="0.001" /><testcase classname="tests.unit.core.test_cache.TestMemoryCache" name="test_compression" time="0.001" /><testcase classname="tests.unit.core.test_cache.TestMemoryCache" name="test_complex_values" time="0.001" /><testcase classname="tests.unit.core.test_cache.TestCacheManager" name="test_initialize" time="0.015" /><testcase classname="tests.unit.core.test_cache.TestCacheManager" name="test_disabled_cache" time="0.001" /><testcase classname="tests.unit.core.test_cache.TestCacheManager" name="test_namespace_prefixing" time="0.001" /><testcase classname="tests.unit.core.test_cache.TestCacheManager" name="test_get_with_default" time="0.001" /><testcase classname="tests.unit.core.test_cache.TestCacheManager" name="test_get_or_set" time="0.001" /><testcase classname="tests.unit.core.test_cache.TestCacheManager" name="test_get_or_set_async_factory" time="0.001" /><testcase classname="tests.unit.core.test_cache.TestCacheManager" name="test_get_stats" time="0.001" /><testcase classname="tests.unit.core.test_cache.TestCacheManager" name="test_context_manager" time="0.001" /><testcase classname="tests.unit.core.test_cache.TestCacheManager" name="test_hash_key" time="0.001" /><testcase classname="tests.unit.core.test_cache.TestCacheKey" name="test_cache_key_args" time="0.001" /><testcase classname="tests.unit.core.test_cache.TestCacheKey" name="test_cache_key_kwargs" time="0.001" /><testcase classname="tests.unit.core.test_cache.TestCacheKey" name="test_cache_key_mixed" time="0.001" /><testcase classname="tests.unit.core.test_cache.TestCachedDecorator" name="test_cached_function" time="0.001" /><testcase classname="tests.unit.core.test_cache.TestCacheEdgeCases" name="test_none_value_caching" time="0.001" /><testcase classname="tests.unit.core.test_cache.TestCacheEdgeCases" name="test_empty_string_caching" time="0.001" /><testcase classname="tests.unit.core.test_cache.TestCacheEdgeCases" name="test_large_value" time="0.006" /><testcase classname="tests.unit.core.test_cache.TestCacheEdgeCases" name="test_concurrent_access" time="0.005" /><testcase classname="tests.unit.core.test_cache.TestCacheEdgeCases" name="test_ttl_zero" time="0.001" /><testcase classname="tests.unit.core.test_config.TestRetryConfig" name="test_default_values" time="0.001" /><testcase classname="tests.unit.core.test_config.TestRetryConfig" name="test_custom_values" time="0.001" /><testcase classname="tests.unit.core.test_config.TestRetryConfig" name="test_validation_max_retries" time="0.002" /><testcase classname="tests.unit.core.test_config.TestRetryConfig" name="test_frozen_immutability" time="0.047" /><testcase classname="tests.unit.core.test_config.TestRateLimitConfig" name="test_default_values" time="0.001" /><testcase classname="tests.unit.core.test_config.TestRateLimitConfig" name="test_validation_bounds" time="0.001" /><testcase classname="tests.unit.core.test_config.TestProxyConfig" name="test_default_disabled" time="0.001" /><testcase classname="tests.unit.core.test_config.TestProxyConfig" name="test_enabled_requires_url_or_provider" time="0.022" /><testcase classname="tests.unit.core.test_config.TestProxyConfig" name="test_enabled_with_url" time="0.001" /><testcase classname="tests.unit.core.test_config.TestProxyConfig" name="test_enabled_with_provider" time="0.001" /><testcase classname="tests.unit.core.test_config.TestLLMConfig" name="test_default_values" time="0.002" /><testcase classname="tests.unit.core.test_config.TestLLMConfig" name="test_custom_provider" time="0.001" /><testcase classname="tests.unit.core.test_config.TestLLMConfig" name="test_env_api_key_resolution" time="0.002" /><testcase classname="tests.unit.core.test_config.TestLLMConfig" name="test_env_api_key_missing" time="0.001" /><testcase classname="tests.unit.core.test_config.TestLLMConfig" name="test_direct_api_key" time="0.001" /><testcase classname="tests.unit.core.test_config.TestLLMConfig" name="test_temperature_bounds" time="0.001" /><testcase classname="tests.unit.core.test_config.TestScraperConfig" name="test_default_values" time="0.001" /><testcase classname="tests.unit.core.test_config.TestScraperConfig" name="test_selenium_provider" time="0.001" /><testcase classname="tests.unit.core.test_config.TestScraperConfig" name="test_viewport_validation" time="0.001" /><testcase classname="tests.unit.core.test_config.TestModelConfig" name="test_default_values" time="0.001" /><testcase classname="tests.unit.core.test_config.TestModelConfig" name="test_device_options" time="0.001" /><testcase classname="tests.unit.core.test_config.TestCacheConfig" name="test_default_values" time="0.001" /><testcase classname="tests.unit.core.test_config.TestCacheConfig" name="test_redis_requires_url" time="0.001" /><testcase classname="tests.unit.core.test_config.TestCacheConfig" name="test_redis_with_url" time="0.001" /><testcase classname="tests.unit.core.test_config.TestCacheConfig" name="test_sqlite_requires_path" time="0.001" /><testcase classname="tests.unit.core.test_config.TestLogConfig" name="test_default_values" time="0.001" /><testcase classname="tests.unit.core.test_config.TestLogConfig" name="test_log_levels" time="0.001" /><testcase classname="tests.unit.core.test_config.TestSentimatrixConfig" name="test_default_configuration" time="0.004" /><testcase classname="tests.unit.core.test_config.TestSentimatrixConfig" name="test_from_file_yaml" time="0.009" /><testcase classname="tests.unit.core.test_config.TestSentimatrixConfig" name="test_from_file_not_found" time="0.001" /><testcase classname="tests.unit.core.test_config.TestSentimatrixConfig" name="test_from_file_json" time="0.003" /><testcase classname="tests.unit.core.test_config.TestSentimatrixConfig" name="test_from_file_unsupported_format" time="0.002" /><testcase classname="tests.unit.core.test_config.TestSentimatrixConfig" name="test_from_env" time="0.003" /><testcase classname="tests.unit.core.test_config.TestSentimatrixConfig" name="test_to_dict" time="0.003" /><testcase classname="tests.unit.core.test_config.TestSentimatrixConfig" name="test_to_yaml" time="0.033"><failure message="yaml.constructor.ConstructorError: could not determine a constructor for the tag 'tag:yaml.org,2002:python/object/apply:sentimatrix.core.config.LLMProvider'&#10;  in &quot;&lt;unicode string&gt;&quot;, line 2, column 13:&#10;      provider: !!python/object/apply:sentimatri ... &#10;                ^">tests/unit/core/test_config.py:341: in test_to_yaml
    parsed = yaml.safe_load(yaml_str)
/usr/local/lib/python3.10/dist-packages/yaml/__init__.py:125: in safe_load
    return load(stream, SafeLoader)
/usr/local/lib/python3.10/dist-packages/yaml/__init__.py:81: in load
    return loader.get_single_data()
/usr/local/lib/python3.10/dist-packages/yaml/constructor.py:51: in get_single_data
    return self.construct_document(node)
/usr/local/lib/python3.10/dist-packages/yaml/constructor.py:60: in construct_document
    for dummy in generator:
/usr/local/lib/python3.10/dist-packages/yaml/constructor.py:413: in construct_yaml_map
    value = self.construct_mapping(node)
/usr/local/lib/python3.10/dist-packages/yaml/constructor.py:218: in construct_mapping
    return super().construct_mapping(node, deep=deep)
/usr/local/lib/python3.10/dist-packages/yaml/constructor.py:143: in construct_mapping
    value = self.construct_object(value_node, deep=deep)
/usr/local/lib/python3.10/dist-packages/yaml/constructor.py:100: in construct_object
    data = constructor(self, node)
/usr/local/lib/python3.10/dist-packages/yaml/constructor.py:427: in construct_undefined
    raise ConstructorError(None, None,
E   yaml.constructor.ConstructorError: could not determine a constructor for the tag 'tag:yaml.org,2002:python/object/apply:sentimatrix.core.config.LLMProvider'
E     in "&lt;unicode string&gt;", line 2, column 13:
E         provider: !!python/object/apply:sentimatri ... 
E                   ^</failure></testcase><testcase classname="tests.unit.core.test_config.TestSentimatrixConfig" name="test_save_yaml" time="0.033"><failure message="yaml.constructor.ConstructorError: could not determine a constructor for the tag 'tag:yaml.org,2002:python/object/apply:sentimatrix.core.config.LLMProvider'&#10;  in &quot;/tmp/tmpguy7gj9x/output.yaml&quot;, line 2, column 13">tests/unit/core/test_config.py:352: in test_save_yaml
    loaded = yaml.safe_load(f)
/usr/local/lib/python3.10/dist-packages/yaml/__init__.py:125: in safe_load
    return load(stream, SafeLoader)
/usr/local/lib/python3.10/dist-packages/yaml/__init__.py:81: in load
    return loader.get_single_data()
/usr/local/lib/python3.10/dist-packages/yaml/constructor.py:51: in get_single_data
    return self.construct_document(node)
/usr/local/lib/python3.10/dist-packages/yaml/constructor.py:60: in construct_document
    for dummy in generator:
/usr/local/lib/python3.10/dist-packages/yaml/constructor.py:413: in construct_yaml_map
    value = self.construct_mapping(node)
/usr/local/lib/python3.10/dist-packages/yaml/constructor.py:218: in construct_mapping
    return super().construct_mapping(node, deep=deep)
/usr/local/lib/python3.10/dist-packages/yaml/constructor.py:143: in construct_mapping
    value = self.construct_object(value_node, deep=deep)
/usr/local/lib/python3.10/dist-packages/yaml/constructor.py:100: in construct_object
    data = constructor(self, node)
/usr/local/lib/python3.10/dist-packages/yaml/constructor.py:427: in construct_undefined
    raise ConstructorError(None, None,
E   yaml.constructor.ConstructorError: could not determine a constructor for the tag 'tag:yaml.org,2002:python/object/apply:sentimatrix.core.config.LLMProvider'
E     in "/tmp/tmpguy7gj9x/output.yaml", line 2, column 13</failure></testcase><testcase classname="tests.unit.core.test_config.TestSentimatrixConfig" name="test_save_json" time="0.004" /><testcase classname="tests.unit.core.test_config.TestSentimatrixConfig" name="test_with_overrides" time="0.005" /><testcase classname="tests.unit.core.test_config.TestSentimatrixConfig" name="test_override_in_from_file" time="0.007" /><testcase classname="tests.unit.core.test_config.TestGetConfig" name="test_get_config_default" time="0.003" /><testcase classname="tests.unit.core.test_config.TestGetConfig" name="test_get_config_from_file" time="0.007" /><testcase classname="tests.unit.core.test_config.TestGetConfig" name="test_get_config_with_overrides" time="0.003" /><testcase classname="tests.unit.core.test_exceptions.TestErrorCode" name="test_error_code_values" time="0.001" /><testcase classname="tests.unit.core.test_exceptions.TestErrorCode" name="test_error_code_names" time="0.001" /><testcase classname="tests.unit.core.test_exceptions.TestSentimatrixError" name="test_basic_initialization" time="0.001" /><testcase classname="tests.unit.core.test_exceptions.TestSentimatrixError" name="test_initialization_with_all_params" time="0.001" /><testcase classname="tests.unit.core.test_exceptions.TestSentimatrixError" name="test_str_representation" time="0.001" /><testcase classname="tests.unit.core.test_exceptions.TestSentimatrixError" name="test_str_with_original_error" time="0.001" /><testcase classname="tests.unit.core.test_exceptions.TestSentimatrixError" name="test_repr" time="0.001" /><testcase classname="tests.unit.core.test_exceptions.TestSentimatrixError" name="test_to_dict" time="0.001" /><testcase classname="tests.unit.core.test_exceptions.TestSentimatrixError" name="test_exception_inheritance" time="0.001" /><testcase classname="tests.unit.core.test_exceptions.TestConfigurationErrors" name="test_configuration_error" time="0.001" /><testcase classname="tests.unit.core.test_exceptions.TestConfigurationErrors" name="test_config_not_found_error" time="0.001" /><testcase classname="tests.unit.core.test_exceptions.TestConfigurationErrors" name="test_config_validation_error" time="0.001" /><testcase classname="tests.unit.core.test_exceptions.TestValidationErrors" name="test_validation_error" time="0.001" /><testcase classname="tests.unit.core.test_exceptions.TestValidationErrors" name="test_invalid_input_error" time="0.001" /><testcase classname="tests.unit.core.test_exceptions.TestValidationErrors" name="test_missing_required_field_error" time="0.001" /><testcase classname="tests.unit.core.test_exceptions.TestProviderErrors" name="test_provider_error" time="0.001" /><testcase classname="tests.unit.core.test_exceptions.TestProviderErrors" name="test_provider_not_found_error" time="0.001" /><testcase classname="tests.unit.core.test_exceptions.TestProviderErrors" name="test_provider_initialization_error" time="0.001" /><testcase classname="tests.unit.core.test_exceptions.TestLLMProviderErrors" name="test_llm_provider_error" time="0.001" /><testcase classname="tests.unit.core.test_exceptions.TestLLMProviderErrors" name="test_authentication_error" time="0.001" /><testcase classname="tests.unit.core.test_exceptions.TestLLMProviderErrors" name="test_invalid_model_error" time="0.001" /><testcase classname="tests.unit.core.test_exceptions.TestLLMProviderErrors" name="test_content_filtered_error" time="0.001" /><testcase classname="tests.unit.core.test_exceptions.TestLLMProviderErrors" name="test_token_limit_exceeded_error" time="0.001" /><testcase classname="tests.unit.core.test_exceptions.TestLLMProviderErrors" name="test_invalid_response_error" time="0.001" /><testcase classname="tests.unit.core.test_exceptions.TestProviderSpecificErrors" name="test_openai_error" time="0.001" /><testcase classname="tests.unit.core.test_exceptions.TestProviderSpecificErrors" name="test_anthropic_error" time="0.001" /><testcase classname="tests.unit.core.test_exceptions.TestProviderSpecificErrors" name="test_groq_error" time="0.001" /><testcase classname="tests.unit.core.test_exceptions.TestScraperErrors" name="test_scraper_error" time="0.001" /><testcase classname="tests.unit.core.test_exceptions.TestScraperErrors" name="test_scraper_connection_error" time="0.001" /><testcase classname="tests.unit.core.test_exceptions.TestScraperErrors" name="test_scraper_timeout_error" time="0.001" /><testcase classname="tests.unit.core.test_exceptions.TestScraperErrors" name="test_scraper_blocked_error" time="0.001" /><testcase classname="tests.unit.core.test_exceptions.TestScraperErrors" name="test_captcha_detected_error" time="0.001" /><testcase classname="tests.unit.core.test_exceptions.TestScraperErrors" name="test_scraper_parse_error" time="0.001" /><testcase classname="tests.unit.core.test_exceptions.TestScraperErrors" name="test_playwright_error" time="0.001" /><testcase classname="tests.unit.core.test_exceptions.TestScraperErrors" name="test_selenium_error" time="0.001" /><testcase classname="tests.unit.core.test_exceptions.TestModelErrors" name="test_model_error" time="0.001" /><testcase classname="tests.unit.core.test_exceptions.TestModelErrors" name="test_model_not_found_error" time="0.001" /><testcase classname="tests.unit.core.test_exceptions.TestModelErrors" name="test_model_load_error" time="0.001" /><testcase classname="tests.unit.core.test_exceptions.TestModelErrors" name="test_model_inference_error" time="0.001" /><testcase classname="tests.unit.core.test_exceptions.TestModelErrors" name="test_device_error" time="0.001" /><testcase classname="tests.unit.core.test_exceptions.TestRateLimitErrors" name="test_rate_limit_error" time="0.001" /><testcase classname="tests.unit.core.test_exceptions.TestRateLimitErrors" name="test_quota_exceeded_error" time="0.001" /><testcase classname="tests.unit.core.test_exceptions.TestTimeoutErrors" name="test_timeout_error" time="0.001" /><testcase classname="tests.unit.core.test_exceptions.TestTimeoutErrors" name="test_connection_timeout_error" time="0.001" /><testcase classname="tests.unit.core.test_exceptions.TestTimeoutErrors" name="test_read_timeout_error" time="0.001" /><testcase classname="tests.unit.core.test_exceptions.TestCacheErrors" name="test_cache_error" time="0.001" /><testcase classname="tests.unit.core.test_exceptions.TestCacheErrors" name="test_cache_connection_error" time="0.001" /><testcase classname="tests.unit.core.test_exceptions.TestCacheErrors" name="test_cache_read_error" time="0.001" /><testcase classname="tests.unit.core.test_exceptions.TestCacheErrors" name="test_cache_write_error" time="0.001" /><testcase classname="tests.unit.core.test_exceptions.TestCacheErrors" name="test_cache_serialization_error" time="0.001" /><testcase classname="tests.unit.core.test_exceptions.TestPipelineErrors" name="test_pipeline_error" time="0.001" /><testcase classname="tests.unit.core.test_exceptions.TestPipelineErrors" name="test_pipeline_step_error" time="0.001" /><testcase classname="tests.unit.core.test_exceptions.TestPipelineErrors" name="test_pipeline_state_error" time="0.001" /><testcase classname="tests.unit.core.test_logger.TestLogContext" name="test_context_enter_exit" time="0.001" /><testcase classname="tests.unit.core.test_logger.TestLogContext" name="test_nested_context" time="0.001" /><testcase classname="tests.unit.core.test_logger.TestLogContext" name="test_context_set" time="0.001" /><testcase classname="tests.unit.core.test_logger.TestLogContext" name="test_context_update" time="0.001" /><testcase classname="tests.unit.core.test_logger.TestLogContext" name="test_context_clear" time="0.001" /><testcase classname="tests.unit.core.test_logger.TestLogContext" name="test_get_returns_copy" time="0.001" /><testcase classname="tests.unit.core.test_logger.TestJsonFormatter" name="test_format_basic" time="0.001" /><testcase classname="tests.unit.core.test_logger.TestJsonFormatter" name="test_format_without_timestamp" time="0.001" /><testcase classname="tests.unit.core.test_logger.TestJsonFormatter" name="test_format_without_caller" time="0.001" /><testcase classname="tests.unit.core.test_logger.TestJsonFormatter" name="test_format_with_context" time="0.001" /><testcase classname="tests.unit.core.test_logger.TestJsonFormatter" name="test_format_with_extra" time="0.001" /><testcase classname="tests.unit.core.test_logger.TestJsonFormatter" name="test_format_with_exception" time="0.002" /><testcase classname="tests.unit.core.test_logger.TestTextFormatter" name="test_format_basic" time="0.001" /><testcase classname="tests.unit.core.test_logger.TestTextFormatter" name="test_format_without_timestamp" time="0.001" /><testcase classname="tests.unit.core.test_logger.TestTextFormatter" name="test_format_with_caller" time="0.001" /><testcase classname="tests.unit.core.test_logger.TestStructuredLogger" name="test_name_property" time="0.002" /><testcase classname="tests.unit.core.test_logger.TestStructuredLogger" name="test_level_property" time="0.002" /><testcase classname="tests.unit.core.test_logger.TestStructuredLogger" name="test_debug" time="0.002" /><testcase classname="tests.unit.core.test_logger.TestStructuredLogger" name="test_info" time="0.002" /><testcase classname="tests.unit.core.test_logger.TestStructuredLogger" name="test_warning" time="0.003" /><testcase classname="tests.unit.core.test_logger.TestStructuredLogger" name="test_error" time="0.002" /><testcase classname="tests.unit.core.test_logger.TestStructuredLogger" name="test_critical" time="0.002" /><testcase classname="tests.unit.core.test_logger.TestStructuredLogger" name="test_exception" time="0.002" /><testcase classname="tests.unit.core.test_logger.TestStructuredLogger" name="test_bind_creates_bound_logger" time="0.002" /><testcase classname="tests.unit.core.test_logger.TestBoundLogger" name="test_bound_logger_includes_bindings" time="0.002" /><testcase classname="tests.unit.core.test_logger.TestBoundLogger" name="test_bound_logger_merges_extra" time="0.002" /><testcase classname="tests.unit.core.test_logger.TestBoundLogger" name="test_bound_logger_chain" time="0.002" /><testcase classname="tests.unit.core.test_logger.TestLogManager" name="test_singleton" time="0.001" /><testcase classname="tests.unit.core.test_logger.TestLogManager" name="test_configure_json" time="0.001" /><testcase classname="tests.unit.core.test_logger.TestLogManager" name="test_configure_text" time="0.001" /><testcase classname="tests.unit.core.test_logger.TestLogManager" name="test_get_logger" time="0.001" /><testcase classname="tests.unit.core.test_logger.TestLogManager" name="test_get_logger_cached" time="0.001" /><testcase classname="tests.unit.core.test_logger.TestLogManager" name="test_set_level" time="0.001" /><testcase classname="tests.unit.core.test_logger.TestLogManager" name="test_set_level_string" time="0.001" /><testcase classname="tests.unit.core.test_logger.TestLogManager" name="test_shutdown" time="0.001" /><testcase classname="tests.unit.core.test_logger.TestModuleFunctions" name="test_get_logger_function" time="0.001" /><testcase classname="tests.unit.core.test_logger.TestModuleFunctions" name="test_configure_logging_function" time="0.001" /><testcase classname="tests.unit.core.test_logger.TestModuleFunctions" name="test_set_log_level_function" time="0.001" /><testcase classname="tests.unit.core.test_logger.TestModuleFunctions" name="test_set_log_level_enum" time="0.001" /><testcase classname="tests.unit.core.test_logger.TestFileLogging" name="test_file_handler_creation" time="0.002" /><testcase classname="tests.unit.core.test_logger.TestFileLogging" name="test_log_rotation_config" time="0.001" /><testcase classname="tests.unit.providers.test_base.TestProviderCapabilities" name="test_default_capabilities" time="0.001" /><testcase classname="tests.unit.providers.test_base.TestProviderCapabilities" name="test_custom_capabilities" time="0.001" /><testcase classname="tests.unit.providers.test_base.TestProviderCapabilities" name="test_to_dict" time="0.001" /><testcase classname="tests.unit.providers.test_base.TestProviderInfo" name="test_basic_info" time="0.001" /><testcase classname="tests.unit.providers.test_base.TestProviderInfo" name="test_full_info" time="0.001" /><testcase classname="tests.unit.providers.test_base.TestProviderInfo" name="test_to_dict" time="0.001" /><testcase classname="tests.unit.providers.test_base.TestTokenUsage" name="test_default_usage" time="0.001" /><testcase classname="tests.unit.providers.test_base.TestTokenUsage" name="test_custom_usage" time="0.001" /><testcase classname="tests.unit.providers.test_base.TestTokenUsage" name="test_addition" time="0.001" /><testcase classname="tests.unit.providers.test_base.TestLLMResponse" name="test_basic_response" time="0.001" /><testcase classname="tests.unit.providers.test_base.TestLLMResponse" name="test_response_with_tool_calls" time="0.001" /><testcase classname="tests.unit.providers.test_base.TestLLMResponse" name="test_to_dict" time="0.001" /><testcase classname="tests.unit.providers.test_base.TestScrapedContent" name="test_basic_content" time="0.001" /><testcase classname="tests.unit.providers.test_base.TestScrapedContent" name="test_full_content" time="0.001" /><testcase classname="tests.unit.providers.test_base.TestScrapedContent" name="test_to_dict" time="0.001" /><testcase classname="tests.unit.providers.test_base.TestReview" name="test_basic_review" time="0.001" /><testcase classname="tests.unit.providers.test_base.TestReview" name="test_review_with_metadata" time="0.001" /><testcase classname="tests.unit.providers.test_base.TestReview" name="test_to_dict" time="0.001" /><testcase classname="tests.unit.providers.test_base.TestPredictionResult" name="test_basic_prediction" time="0.001" /><testcase classname="tests.unit.providers.test_base.TestPredictionResult" name="test_prediction_with_all_scores" time="0.001" /><testcase classname="tests.unit.providers.test_base.TestPredictionResult" name="test_to_dict" time="0.001" /><testcase classname="tests.unit.providers.test_base.TestProviderRegistry" name="test_singleton" time="0.001" /><testcase classname="tests.unit.providers.test_base.TestProviderRegistry" name="test_register_class" time="0.001" /><testcase classname="tests.unit.providers.test_base.TestProviderRegistry" name="test_register_factory" time="0.001" /><testcase classname="tests.unit.providers.test_base.TestProviderRegistry" name="test_get_provider_not_found" time="0.001" /><testcase classname="tests.unit.providers.test_base.TestProviderRegistry" name="test_list_providers" time="0.001" /><testcase classname="tests.unit.providers.test_base.TestProviderRegistry" name="test_list_providers_filtered" time="0.001" /><testcase classname="tests.unit.providers.test_base.TestProviderRegistry" name="test_is_registered" time="0.001" /><testcase classname="tests.unit.providers.test_base.TestModuleFunctions" name="test_get_provider_not_found" time="0.001" /><testcase classname="tests.unit.providers.test_base.TestModuleFunctions" name="test_list_providers_function" time="0.001" /><testcase classname="tests.unit.providers.test_base.TestBaseLLMProvider" name="test_supports_properties" time="0.001" /><testcase classname="tests.unit.providers.test_base.TestBaseLLMProvider" name="test_count_tokens_default" time="0.001" /><testcase classname="tests.unit.providers.test_base.TestBaseScraperProvider" name="test_supports_platform" time="0.001" /><testcase classname="tests.unit.providers.test_base.TestBaseModelProvider" name="test_model_name_property" time="0.001" /><testcase classname="tests.unit.providers.test_base.TestBaseProviderContextManager" name="test_context_manager" time="0.002" /><testcase classname="tests.unit.providers.test_base.TestBaseProviderContextManager" name="test_ensure_initialized" time="0.002" /></testsuite></testsuites>